{"type":"server-started","port":63077,"host":"127.0.0.1","url_host":"localhost","url":"http://localhost:63077","screen_dir":"/Users/varundubey/Local Sites/forums/app/public/wp-content/plugins/buddynext/.superpowers/brainstorm/14544-1773947712"}
{"type":"screen-added","file":"/Users/varundubey/Local Sites/forums/app/public/wp-content/plugins/buddynext/.superpowers/brainstorm/14544-1773947712/views-overview.html"}
{"source":"user-event","type":"click","text":"📰\n    Home Feed\n    Followed users + spaces + hashtags. Post composer inline.\n    Free","choice":"home-feed","id":null,"timestamp":1773947884192}
{"source":"user-event","type":"click","text":"📰\n    Home Feed\n    Followed users + spaces + hashtags. Post composer inline.\n    Free","choice":"home-feed","id":null,"timestamp":1773947885216}
{"source":"user-event","type":"click","text":"👥\n    Member Directory\n    Filterable grid. Mutual connections count. Degree badges.\n    Free","choice":"member-directory","id":null,"timestamp":1773947885745}
{"source":"user-event","type":"click","text":"🔍\n    Explore Feed\n    All public posts. Discovery view — no login required.\n    Free","choice":"explore-feed","id":null,"timestamp":1773947886303}
{"source":"user-event","type":"click","text":"🔔\n    Notifications\n    Bell dropdown + full /notifications/ page. Grouped.\n    Free","choice":"notifications","id":null,"timestamp":1773947886854}
{"source":"user-event","type":"click","text":"📧\n    Email Template Editor\n    Subject, body editor, token picker, preview, send test.\n    Free","choice":"email-editor","id":null,"timestamp":1773947889645}
{"source":"user-event","type":"click","text":"🛠️\n    Admin Settings\n    General, Integrations (Jetonomy/MVS toggles), Webhooks, Email.\n    Free","choice":"admin-settings","id":null,"timestamp":1773947890111}
{"source":"user-event","type":"click","text":"🛡️\n    Moderation Queue\n    Reported content queue. Approve/remove/strike/suspend.\n    Free","choice":"moderation-queue","id":null,"timestamp":1773947891254}
{"source":"user-event","type":"click","text":"📰\n    Home Feed\n    Followed users + spaces + hashtags. Post composer inline.\n    Free","choice":"home-feed","id":null,"timestamp":1773947893978}
{"source":"user-event","type":"click","text":"🔍\n    Explore Feed\n    All public posts. Discovery view — no login required.\n    Free","choice":"explore-feed","id":null,"timestamp":1773947894441}
{"source":"user-event","type":"click","text":"👤\n    User Profile\n    Cover, avatar, bio, fields, follow/connect, profile feed.\n    Free","choice":"user-profile","id":null,"timestamp":1773947895041}
{"source":"user-event","type":"click","text":"🔎\n    Search Results\n    Unified search — people, posts, spaces, media, jobs.\n    Free","choice":"search","id":null,"timestamp":1773947895591}
{"source":"user-event","type":"click","text":"🔔\n    Notifications\n    Bell dropdown + full /notifications/ page. Grouped.\n    Free","choice":"notifications","id":null,"timestamp":1773947896182}
{"source":"user-event","type":"click","text":"👥\n    Member Directory\n    Filterable grid. Mutual connections count. Degree badges.\n    Free","choice":"member-directory","id":null,"timestamp":1773947896774}
{"source":"user-event","type":"click","text":"🏘️\n    Spaces Directory\n    Filterable grid by category. Join/request buttons.\n    Free","choice":"spaces-directory","id":null,"timestamp":1773947897287}
{"source":"user-event","type":"click","text":"🏠\n    Space Home\n    Space feed, members panel, optional Forum + Media tabs.\n    Free","choice":"space-home","id":null,"timestamp":1773947897787}
{"source":"user-event","type":"click","text":"🛠️\n    Admin Settings\n    General, Integrations (Jetonomy/MVS toggles), Webhooks, Email.\n    Free","choice":"admin-settings","id":null,"timestamp":1773947899804}
{"source":"user-event","type":"click","text":"📧\n    Email Template Editor\n    Subject, body editor, token picker, preview, send test.\n    Free","choice":"email-editor","id":null,"timestamp":1773947900195}
{"source":"user-event","type":"click","text":"🛡️\n    Moderation Queue\n    Reported content queue. Approve/remove/strike/suspend.\n    Free","choice":"moderation-queue","id":null,"timestamp":1773947900754}
{"type":"screen-added","file":"/Users/varundubey/Local Sites/forums/app/public/wp-content/plugins/buddynext/.superpowers/brainstorm/14544-1773947712/home-feed.html"}
{"type":"screen-added","file":"/Users/varundubey/Local Sites/forums/app/public/wp-content/plugins/buddynext/.superpowers/brainstorm/14544-1773947712/index.html"}
{"type":"screen-added","file":"/Users/varundubey/Local Sites/forums/app/public/wp-content/plugins/buddynext/.superpowers/brainstorm/14544-1773947712/explore-feed.html"}
{"type":"screen-added","file":"/Users/varundubey/Local Sites/forums/app/public/wp-content/plugins/buddynext/.superpowers/brainstorm/14544-1773947712/user-profile.html"}
{"type":"screen-added","file":"/Users/varundubey/Local Sites/forums/app/public/wp-content/plugins/buddynext/.superpowers/brainstorm/14544-1773947712/member-directory.html"}
{"type":"screen-added","file":"/Users/varundubey/Local Sites/forums/app/public/wp-content/plugins/buddynext/.superpowers/brainstorm/14544-1773947712/notifications.html"}
{"type":"screen-added","file":"/Users/varundubey/Local Sites/forums/app/public/wp-content/plugins/buddynext/.superpowers/brainstorm/14544-1773947712/search-results.html"}
{"type":"screen-added","file":"/Users/varundubey/Local Sites/forums/app/public/wp-content/plugins/buddynext/.superpowers/brainstorm/14544-1773947712/spaces-directory.html"}
{"type":"screen-added","file":"/Users/varundubey/Local Sites/forums/app/public/wp-content/plugins/buddynext/.superpowers/brainstorm/14544-1773947712/space-home.html"}
{"type":"screen-added","file":"/Users/varundubey/Local Sites/forums/app/public/wp-content/plugins/buddynext/.superpowers/brainstorm/14544-1773947712/dm-thread.html"}
{"type":"screen-added","file":"/Users/varundubey/Local Sites/forums/app/public/wp-content/plugins/buddynext/.superpowers/brainstorm/14544-1773947712/space-settings.html"}
{"type":"screen-added","file":"/Users/varundubey/Local Sites/forums/app/public/wp-content/plugins/buddynext/.superpowers/brainstorm/14544-1773947712/dm-list.html"}
{"type":"screen-added","file":"/Users/varundubey/Local Sites/forums/app/public/wp-content/plugins/buddynext/.superpowers/brainstorm/14544-1773947712/message-requests.html"}
{"type":"screen-added","file":"/Users/varundubey/Local Sites/forums/app/public/wp-content/plugins/buddynext/.superpowers/brainstorm/14544-1773947712/onboarding.html"}
{"type":"screen-added","file":"/Users/varundubey/Local Sites/forums/app/public/wp-content/plugins/buddynext/.superpowers/brainstorm/14544-1773947712/register-login.html"}
{"type":"screen-added","file":"/Users/varundubey/Local Sites/forums/app/public/wp-content/plugins/buddynext/.superpowers/brainstorm/14544-1773947712/admin-settings.html"}
{"type":"screen-added","file":"/Users/varundubey/Local Sites/forums/app/public/wp-content/plugins/buddynext/.superpowers/brainstorm/14544-1773947712/email-editor.html"}
{"type":"screen-added","file":"/Users/varundubey/Local Sites/forums/app/public/wp-content/plugins/buddynext/.superpowers/brainstorm/14544-1773947712/moderation-queue.html"}
{"type":"screen-updated","file":"/Users/varundubey/Local Sites/forums/app/public/wp-content/plugins/buddynext/.superpowers/brainstorm/14544-1773947712/index.html"}
{"type":"screen-updated","file":"/Users/varundubey/Local Sites/forums/app/public/wp-content/plugins/buddynext/.superpowers/brainstorm/14544-1773947712/home-feed.html"}
{"type":"screen-updated","file":"/Users/varundubey/Local Sites/forums/app/public/wp-content/plugins/buddynext/.superpowers/brainstorm/14544-1773947712/explore-feed.html"}
{"type":"screen-updated","file":"/Users/varundubey/Local Sites/forums/app/public/wp-content/plugins/buddynext/.superpowers/brainstorm/14544-1773947712/user-profile.html"}
{"type":"screen-updated","file":"/Users/varundubey/Local Sites/forums/app/public/wp-content/plugins/buddynext/.superpowers/brainstorm/14544-1773947712/member-directory.html"}
{"type":"screen-updated","file":"/Users/varundubey/Local Sites/forums/app/public/wp-content/plugins/buddynext/.superpowers/brainstorm/14544-1773947712/notifications.html"}
{"type":"screen-updated","file":"/Users/varundubey/Local Sites/forums/app/public/wp-content/plugins/buddynext/.superpowers/brainstorm/14544-1773947712/search-results.html"}
{"type":"screen-updated","file":"/Users/varundubey/Local Sites/forums/app/public/wp-content/plugins/buddynext/.superpowers/brainstorm/14544-1773947712/spaces-directory.html"}
{"type":"screen-updated","file":"/Users/varundubey/Local Sites/forums/app/public/wp-content/plugins/buddynext/.superpowers/brainstorm/14544-1773947712/space-home.html"}
{"type":"screen-updated","file":"/Users/varundubey/Local Sites/forums/app/public/wp-content/plugins/buddynext/.superpowers/brainstorm/14544-1773947712/space-settings.html"}
{"type":"screen-updated","file":"/Users/varundubey/Local Sites/forums/app/public/wp-content/plugins/buddynext/.superpowers/brainstorm/14544-1773947712/dm-list.html"}
{"type":"screen-updated","file":"/Users/varundubey/Local Sites/forums/app/public/wp-content/plugins/buddynext/.superpowers/brainstorm/14544-1773947712/dm-thread.html"}
{"type":"screen-updated","file":"/Users/varundubey/Local Sites/forums/app/public/wp-content/plugins/buddynext/.superpowers/brainstorm/14544-1773947712/message-requests.html"}
{"type":"screen-updated","file":"/Users/varundubey/Local Sites/forums/app/public/wp-content/plugins/buddynext/.superpowers/brainstorm/14544-1773947712/onboarding.html"}
{"type":"screen-updated","file":"/Users/varundubey/Local Sites/forums/app/public/wp-content/plugins/buddynext/.superpowers/brainstorm/14544-1773947712/register-login.html"}
{"type":"screen-updated","file":"/Users/varundubey/Local Sites/forums/app/public/wp-content/plugins/buddynext/.superpowers/brainstorm/14544-1773947712/admin-settings.html"}
{"type":"screen-updated","file":"/Users/varundubey/Local Sites/forums/app/public/wp-content/plugins/buddynext/.superpowers/brainstorm/14544-1773947712/email-editor.html"}
{"type":"screen-updated","file":"/Users/varundubey/Local Sites/forums/app/public/wp-content/plugins/buddynext/.superpowers/brainstorm/14544-1773947712/moderation-queue.html"}
{"type":"screen-updated","file":"/Users/varundubey/Local Sites/forums/app/public/wp-content/plugins/buddynext/.superpowers/brainstorm/14544-1773947712/index.html"}
{"type":"screen-updated","file":"/Users/varundubey/Local Sites/forums/app/public/wp-content/plugins/buddynext/.superpowers/brainstorm/14544-1773947712/space-settings.html"}
{"type":"screen-updated","file":"/Users/varundubey/Local Sites/forums/app/public/wp-content/plugins/buddynext/.superpowers/brainstorm/14544-1773947712/notifications.html"}
{"type":"screen-updated","file":"/Users/varundubey/Local Sites/forums/app/public/wp-content/plugins/buddynext/.superpowers/brainstorm/14544-1773947712/dm-list.html"}
{"type":"screen-updated","file":"/Users/varundubey/Local Sites/forums/app/public/wp-content/plugins/buddynext/.superpowers/brainstorm/14544-1773947712/message-requests.html"}
{"type":"screen-updated","file":"/Users/varundubey/Local Sites/forums/app/public/wp-content/plugins/buddynext/.superpowers/brainstorm/14544-1773947712/views-overview.html"}
{"type":"screen-updated","file":"/Users/varundubey/Local Sites/forums/app/public/wp-content/plugins/buddynext/.superpowers/brainstorm/14544-1773947712/dm-thread.html"}
{"type":"screen-updated","file":"/Users/varundubey/Local Sites/forums/app/public/wp-content/plugins/buddynext/.superpowers/brainstorm/14544-1773947712/moderation-queue.html"}
{"type":"screen-updated","file":"/Users/varundubey/Local Sites/forums/app/public/wp-content/plugins/buddynext/.superpowers/brainstorm/14544-1773947712/admin-settings.html"}
{"type":"screen-updated","file":"/Users/varundubey/Local Sites/forums/app/public/wp-content/plugins/buddynext/.superpowers/brainstorm/14544-1773947712/register-login.html"}
{"type":"screen-updated","file":"/Users/varundubey/Local Sites/forums/app/public/wp-content/plugins/buddynext/.superpowers/brainstorm/14544-1773947712/user-profile.html"}
{"type":"screen-updated","file":"/Users/varundubey/Local Sites/forums/app/public/wp-content/plugins/buddynext/.superpowers/brainstorm/14544-1773947712/home-feed.html"}
{"type":"screen-updated","file":"/Users/varundubey/Local Sites/forums/app/public/wp-content/plugins/buddynext/.superpowers/brainstorm/14544-1773947712/email-editor.html"}
{"type":"screen-updated","file":"/Users/varundubey/Local Sites/forums/app/public/wp-content/plugins/buddynext/.superpowers/brainstorm/14544-1773947712/explore-feed.html"}
{"type":"screen-updated","file":"/Users/varundubey/Local Sites/forums/app/public/wp-content/plugins/buddynext/.superpowers/brainstorm/14544-1773947712/search-results.html"}
{"type":"screen-updated","file":"/Users/varundubey/Local Sites/forums/app/public/wp-content/plugins/buddynext/.superpowers/brainstorm/14544-1773947712/spaces-directory.html"}
{"type":"screen-updated","file":"/Users/varundubey/Local Sites/forums/app/public/wp-content/plugins/buddynext/.superpowers/brainstorm/14544-1773947712/space-home.html"}
{"type":"screen-updated","file":"/Users/varundubey/Local Sites/forums/app/public/wp-content/plugins/buddynext/.superpowers/brainstorm/14544-1773947712/onboarding.html"}
{"type":"screen-updated","file":"/Users/varundubey/Local Sites/forums/app/public/wp-content/plugins/buddynext/.superpowers/brainstorm/14544-1773947712/member-directory.html"}
{"type":"screen-added","file":"/Users/varundubey/Local Sites/forums/app/public/wp-content/plugins/buddynext/.superpowers/brainstorm/14544-1773947712/style-guide.html"}
{"type":"screen-updated","file":"/Users/varundubey/Local Sites/forums/app/public/wp-content/plugins/buddynext/.superpowers/brainstorm/14544-1773947712/home-feed.html"}
{"type":"screen-updated","file":"/Users/varundubey/Local Sites/forums/app/public/wp-content/plugins/buddynext/.superpowers/brainstorm/14544-1773947712/index.html"}
{"type":"screen-added","file":"/Users/varundubey/Local Sites/forums/app/public/wp-content/plugins/buddynext/.superpowers/brainstorm/14544-1773947712/edit-profile.html"}
{"type":"screen-added","file":"/Users/varundubey/Local Sites/forums/app/public/wp-content/plugins/buddynext/.superpowers/brainstorm/14544-1773947712/hashtag-feed.html"}
{"type":"screen-added","file":"/Users/varundubey/Local Sites/forums/app/public/wp-content/plugins/buddynext/.superpowers/brainstorm/14544-1773947712/admin-spaces.html"}
{"type":"screen-added","file":"/Users/varundubey/Local Sites/forums/app/public/wp-content/plugins/buddynext/.superpowers/brainstorm/14544-1773947712/leaderboard.html"}
{"type":"screen-added","file":"/Users/varundubey/Local Sites/forums/app/public/wp-content/plugins/buddynext/.superpowers/brainstorm/14544-1773947712/admin-members.html"}
{"type":"screen-added","file":"/Users/varundubey/Local Sites/forums/app/public/wp-content/plugins/buddynext/.superpowers/brainstorm/14544-1773947712/admin-analytics.html"}
{"type":"screen-updated","file":"/Users/varundubey/Local Sites/forums/app/public/wp-content/plugins/buddynext/.superpowers/brainstorm/14544-1773947712/index.html"}
{"type":"server-stopped","reason":"idle timeout"}
